ToontownStart: Polling for game2 to finish...
ToontownStart: Game2 is finished.
ToontownStart: Starting the game.
ToontownStart: setting default font
TTLocalizer: Running in language: english
from toontown.toonbase.TTLocalizerEnglish import *
OTPLocalizer: Running in language: english
from otp.otpbase.OTPLocalizerEnglish import *
Injector Opened
ToontownStart: Loading default gui sounds
ToontownStart: serverVersion:  tt-beta-v.1.0.1 (Squirting Flower)
Preloading avatars...
Done preloading avatars.
{401000001: <toontown.distributed.ToontownDistrict.ToontownDistrict instance at 0x19D41648>}
entering active SC menu
local
0
Reading DNA file... phase_4/dna/storage.dna
Reading DNA file... phase_3.5/dna/storage_interior.dna
Traceback (most recent call last):
  File "C:\Panda3D-1.9.0\direct\distributed\ConnectionRepository.py", line 613, in readerPollUntilEmpty
    while self.readerPollOnce():
  File "C:\Panda3D-1.9.0\direct\distributed\ConnectionRepository.py", line 620, in readerPollOnce
    self.handleDatagram(self.private__di)
  File "otp\distributed\OTPClientRepository.py", line 1873, in handleDatagram
    self.handler(msgType, di)
  File "otp\distributed\OTPClientRepository.py", line 1482, in handlePlayGame
    self.handleGenerateWithRequiredOther(di)
  File "otp\distributed\OTPClientRepository.py", line 1991, in handleGenerateWithRequiredOther
    self.doGenerate(parentId, zoneId, classId, doId, di)
  File "C:\Panda3D-1.9.0\direct\distributed\ClientRepositoryBase.py", line 162, in doGenerate
    distObj = self.generateWithRequiredOtherFields(dclass, doId, di, parentId, zoneId)
  File "C:\Panda3D-1.9.0\direct\distributed\ClientRepositoryBase.py", line 313, in generateWithRequiredOtherFields
    distObj.updateRequiredOtherFields(dclass, di)
  File "C:\Panda3D-1.9.0\direct\distributed\DistributedObject.py", line 347, in updateRequiredOtherFields
    dclass.receiveUpdateBroadcastRequired(self, di)
  File "toontown\building\DistributedElevator.py", line 134, in setBldgDoId
    self.bldgRequest = self.cr.relatedObjectMgr.requestObjects([bldgDoId], allCallback=self.gotBldg, timeout=2)
  File "C:\Panda3D-1.9.0\direct\distributed\RelatedObjectMgr.py", line 94, in requestObjects
    allCallback(objects)
  File "toontown\building\DistributedBossElevator.py", line 55, in gotBldg
    return DistributedElevator.DistributedElevator.gotBldg(self, buildingList)
  File "toontown\building\DistributedElevator.py", line 142, in gotBldg
    self.setupElevator()
  File "toontown\building\DistributedBBElevator.py", line 25, in setupElevator
    self.elevatorModel.reparentTo(locator)
AssertionError: other._error_type == ET_ok at line 527 of panda/src/pgraph/nodePath.cxx
Traceback (most recent call last):
  File "otp\otpbase\OTPBase.py", line 239, in run
    taskMgr.run()
  File "C:\Panda3D-1.9.0\direct\task\Task.py", line 502, in run
    self.step()
  File "C:\Panda3D-1.9.0\direct\task\Task.py", line 460, in step
    self.mgr.poll()
  File "C:\Panda3D-1.9.0\direct\distributed\ConnectionRepository.py", line 613, in readerPollUntilEmpty
    while self.readerPollOnce():
  File "C:\Panda3D-1.9.0\direct\distributed\ConnectionRepository.py", line 620, in readerPollOnce
    self.handleDatagram(self.private__di)
  File "otp\distributed\OTPClientRepository.py", line 1873, in handleDatagram
    self.handler(msgType, di)
  File "otp\distributed\OTPClientRepository.py", line 1482, in handlePlayGame
    self.handleGenerateWithRequiredOther(di)
  File "otp\distributed\OTPClientRepository.py", line 1991, in handleGenerateWithRequiredOther
    self.doGenerate(parentId, zoneId, classId, doId, di)
  File "C:\Panda3D-1.9.0\direct\distributed\ClientRepositoryBase.py", line 162, in doGenerate
    distObj = self.generateWithRequiredOtherFields(dclass, doId, di, parentId, zoneId)
  File "C:\Panda3D-1.9.0\direct\distributed\ClientRepositoryBase.py", line 313, in generateWithRequiredOtherFields
    distObj.updateRequiredOtherFields(dclass, di)
  File "C:\Panda3D-1.9.0\direct\distributed\DistributedObject.py", line 347, in updateRequiredOtherFields
    dclass.receiveUpdateBroadcastRequired(self, di)
  File "toontown\building\DistributedElevator.py", line 134, in setBldgDoId
    self.bldgRequest = self.cr.relatedObjectMgr.requestObjects([bldgDoId], allCallback=self.gotBldg, timeout=2)
  File "C:\Panda3D-1.9.0\direct\distributed\RelatedObjectMgr.py", line 94, in requestObjects
    allCallback(objects)
  File "toontown\building\DistributedBossElevator.py", line 55, in gotBldg
    return DistributedElevator.DistributedElevator.gotBldg(self, buildingList)
  File "toontown\building\DistributedElevator.py", line 142, in gotBldg
    self.setupElevator()
  File "toontown\building\DistributedBBElevator.py", line 25, in setupElevator
    self.elevatorModel.reparentTo(locator)
AssertionError: other._error_type == ET_ok at line 527 of panda/src/pgraph/nodePath.cxx
