ToontownStart: Polling for game2 to finish...
ToontownStart: Game2 is finished.
ToontownStart: Starting the game.
ToontownStart: setting default font
TTLocalizer: Running in language: english
from toontown.toonbase.TTLocalizerEnglish import *
OTPLocalizer: Running in language: english
from otp.otpbase.OTPLocalizerEnglish import *
Injector Opened
ToontownStart: Loading default gui sounds
ToontownStart: serverVersion:  tt-beta-v.1.0.1 (Squirting Flower)
Preloading avatars...
Done preloading avatars.
{401000001: <toontown.distributed.ToontownDistrict.ToontownDistrict instance at 0x19CDE648>}
entering active SC menu
local
0
Reading DNA file... phase_4/dna/storage.dna
Reading DNA file... phase_3.5/dna/storage_interior.dna
OnscreenText.configure: mayChange == 0
OnscreenText.configure: mayChange == 0
OnscreenText.configure: mayChange == 0
OnscreenText.configure: mayChange == 0
Reading DNA file... phase_6/dna/storage_OZ.dna
Reading DNA file... phase_6/dna/storage_OZ_sz.dna
Reading DNA file... phase_6/dna/outdoor_zone_sz.dna
TIMER startTime 3140
Reading DNA file... phase_6/dna/storage_GZ.dna
Reading DNA file... phase_6/dna/storage_GZ_sz.dna
Reading DNA file... phase_6/dna/golf_zone_sz.dna
frame rate: 39.0 fps|0.010d|0 avs||330|332||0x10de|0x0847|435.8MB|420.3MB|7935.2MB|549|nt.2.6.1|2.800,2.800|4,4 cpus|OpenGL
frame rate: 44.8 fps|0.008d|0 avs||630|632||0x10de|0x0847|435.9MB|420.4MB|7935.2MB|550|nt.2.6.1|2.800,2.800|4,4 cpus|OpenGL
frame rate: 36.0 fps|0.003d|1 avs||930|932||0x10de|0x0847|442.7MB|427.2MB|7935.2MB|584|nt.2.6.1|2.800,2.800|4,4 cpus|OpenGL
ignoring InputState-forward
