ToontownStart: Polling for game2 to finish...
ToontownStart: Game2 is finished.
ToontownStart: Starting the game.
ToontownStart: setting default font
TTLocalizer: Running in language: english
from toontown.toonbase.TTLocalizerEnglish import *
OTPLocalizer: Running in language: english
from otp.otpbase.OTPLocalizerEnglish import *
Injector Opened
ToontownStart: Loading default gui sounds
ToontownStart: serverVersion:  tt-beta-v.1.0.1 (Squirting Flower)
Preloading avatars...
Done preloading avatars.
{401000001: <toontown.distributed.ToontownDistrict.ToontownDistrict instance at 0x1B601B48>}
entering active SC menu
local
0
Reading DNA file... phase_4/dna/storage.dna
Reading DNA file... phase_3.5/dna/storage_interior.dna
entering active SC menu
entering active SC menu
Battle Event localtoon-battle-event-3
entering active SC menu
Battle Event localtoon-battle-event-10
entering active SC menu
frame rate: 28.7 fps|0.012d|1 avs||341|347||0x10de|0x1040|513.7MB|532.1MB|6126.5MB|513|nt.2.6.1|2.801,2.801|4,4 cpus|OpenGL
