ToontownStart: Polling for game2 to finish...
ToontownStart: Game2 is finished.
ToontownStart: Starting the game.
ToontownStart: setting default font
TTLocalizer: Running in language: english
from toontown.toonbase.TTLocalizerEnglish import *
OTPLocalizer: Running in language: english
from otp.otpbase.OTPLocalizerEnglish import *
Injector Opened
ToontownStart: Loading default gui sounds
ToontownStart: serverVersion:  tt-beta-v.1.0.1 (Squirting Flower)
Preloading avatars...
Done preloading avatars.
{401000001: <toontown.distributed.ToontownDistrict.ToontownDistrict instance at 0x1B5088A0>}
entering active SC menu
local
0
Reading DNA file... phase_4/dna/storage.dna
Reading DNA file... phase_3.5/dna/storage_interior.dna
OnscreenText.configure: mayChange == 0
OnscreenText.configure: mayChange == 0
OnscreenText.configure: mayChange == 0
OnscreenText.configure: mayChange == 0
entering active SC menu
[Actor goon--1, parts = ['modelRoot'], LODs = ['lodRoot'], anims = ['walk', 'recovery', 'collapse'], Actor goon--2, parts = ['modelRoot'], LODs = ['lodRoot'], anims = ['walk', 'recovery', 'collapse'], Actor goon--3, parts = ['modelRoot'], LODs = ['lodRoot'], anims = ['walk', 'recovery', 'collapse']]
entering active SC menu
Battle Event localtoon-battle-event-3
frame rate: 63.0 fps|0.011d|1 avs||331|332||0x10de|0x0847|517.7MB|510.2MB|7935.2MB|557|nt.2.6.1|2.800,2.800|4,4 cpus|OpenGL
Reading DNA file... phase_8/dna/storage_DL.dna
Reading DNA file... phase_8/dna/storage_DL_sz.dna
Reading DNA file... phase_8/dna/donalds_dreamland_sz.dna
fisherman origin:  render/loader_data/donaldsDreamland/fishing_pond_1/npc_fisherman_origin_0
OnscreenText.configure: mayChange == 0
OnscreenText.configure: mayChange == 0
OnscreenText.configure: mayChange == 0
OnscreenText.configure: mayChange == 0
entering active SC menu
Reading DNA file... phase_8/dna/storage_BR.dna
Reading DNA file... phase_8/dna/storage_BR_sz.dna
Reading DNA file... phase_8/dna/the_burrrgh_sz.dna
empty flat building with no walls
DNALandmarkBuilding sb11:toon_landmark_BR_pet_shop_DNARoot did not find **/*suit_building_origin
fisherman origin:  render/loader_data/theBurrrgh/fishing_pond_1/npc_fisherman_origin_0
OnscreenText.configure: mayChange == 0
OnscreenText.configure: mayChange == 0
OnscreenText.configure: mayChange == 0
OnscreenText.configure: mayChange == 0
Battle Event localtoon-battle-event-10
frame rate: 28.7 fps|0.024d|116 avs||631|632||0x10de|0x0847|622.5MB|614.4MB|7935.2MB|695|nt.2.6.1|2.800,2.800|4,4 cpus|OpenGL
entering active SC menu
entering active SC menu
entering active SC menu
entering active SC menu
entering active SC menu
frame rate: 29.8 fps|0.009d|105 avs||931|932||0x10de|0x0847|632.0MB|623.8MB|7935.2MB|708|nt.2.6.1|2.800,2.800|4,4 cpus|OpenGL
entering active SC menu
entering active SC menu
entering active SC menu
entering active SC menu
frame rate: 26.4 fps|0.014d|92 avs||1231|1232||0x10de|0x0847|648.8MB|640.4MB|7935.2MB|725|nt.2.6.1|2.800,2.800|4,4 cpus|OpenGL
entering active SC menu
entering active SC menu
entering active SC menu
entering active SC menu
chooseFireOpenShot <function allGroupLowShot at 0x172044F0>
chooseFireOpenShot <function avatarCloseUpFireShot at 0x17204D30>
Warning: NodePath.remove() is deprecated.  Use remove_node() instead.
chooseFireOpenShot <function avatarCloseUpThreeQuarterRightShot at 0x172047B0>
chooseFireOpenShot <function suitGroupThreeQuarterLeftBehindShot at 0x17204670>
Warning: NodePath.remove() is deprecated.  Use remove_node() instead.
chooseFireOpenShot <function avatarCloseUpThreeQuarterRightShot at 0x172047B0>
chooseFireOpenShot <function suitGroupThreeQuarterLeftBehindShot at 0x17204670>
Warning: NodePath.remove() is deprecated.  Use remove_node() instead.
chooseFireOpenShot <function allGroupLowShot at 0x172044F0>
chooseFireOpenShot <function avatarCloseUpFireShot at 0x17204D30>
Warning: NodePath.remove() is deprecated.  Use remove_node() instead.
chooseFireOpenShot <function avatarBehindShot at 0x172048F0>
chooseFireOpenShot <function suitGroupThreeQuarterLeftBehindShot at 0x17204670>
entering active SC menu
Warning: NodePath.remove() is deprecated.  Use remove_node() instead.
chooseFireOpenShot <function suitGroupThreeQuarterLeftBehindShot at 0x17204670>
chooseFireOpenShot <function allGroupLowShot at 0x172044F0>
Warning: NodePath.remove() is deprecated.  Use remove_node() instead.
chooseFireOpenShot <function avatarCloseUpThrowShot at 0x17204770>
chooseFireOpenShot <function allGroupLowShot at 0x172044F0>
frame rate: 30.1 fps|0.007d|75 avs||1531|1532||0x10de|0x0847|654.5MB|646.0MB|7935.2MB|728|nt.2.6.1|2.800,2.800|4,4 cpus|OpenGL
Warning: NodePath.remove() is deprecated.  Use remove_node() instead.
### newVec3 =  LVector3f(2, 6.3, 1.5)
### newVec3 =  LVector3f(2, 6.3, 0)
### newVec3 =  LVector3f(2, 6.3, 0.375)
### newVec3 =  LVector3f(2, 6.3, 0)
entering active SC menu
entering active SC menu
chooseFireOpenShot <function avatarCloseUpThreeQuarterRightShot at 0x172047B0>
chooseFireOpenShot <function avatarCloseUpThreeQuarterLeftFireShot at 0x17204D70>
Warning: NodePath.remove() is deprecated.  Use remove_node() instead.
chooseFireOpenShot <function allGroupLowShot at 0x172044F0>
chooseFireOpenShot <function avatarCloseUpFireShot at 0x17204D30>
Warning: NodePath.remove() is deprecated.  Use remove_node() instead.
chooseFireOpenShot <function suitGroupThreeQuarterLeftBehindShot at 0x17204670>
chooseFireOpenShot <function avatarCloseUpFireShot at 0x17204D30>
Warning: NodePath.remove() is deprecated.  Use remove_node() instead.
entering active SC menu
entering active SC menu
chooseFireOpenShot <function suitGroupThreeQuarterLeftBehindShot at 0x17204670>
chooseFireOpenShot <function suitGroupThreeQuarterLeftBehindShot at 0x17204670>
Warning: NodePath.remove() is deprecated.  Use remove_node() instead.
chooseFireOpenShot <function avatarBehindShot at 0x172048F0>
chooseFireOpenShot <function avatarCloseUpFireShot at 0x17204D30>
entering active SC menu
entering active SC menu
Warning: NodePath.remove() is deprecated.  Use remove_node() instead.
frame rate: 28.9 fps|0.012d|64 avs||1831|1832||0x10de|0x0847|662.0MB|653.7MB|7935.2MB|732|nt.2.6.1|2.800,2.800|4,4 cpus|OpenGL
entering active SC menu
### newVec3 =  LVector3f(2, 6.3, 1.5)
### newVec3 =  LVector3f(2, 6.3, 0)
### newVec3 =  LVector3f(2, 6.3, 0.375)
### newVec3 =  LVector3f(2, 6.3, 0)
frame rate: 34.2 fps|0.008d|35 avs||2131|2132||0x10de|0x0847|679.5MB|671.5MB|7935.2MB|737|nt.2.6.1|2.800,2.800|4,4 cpus|OpenGL
entering active SC menu
### newVec3 =  LVector3f(2, 11.3, 1.5)
### newVec3 =  LVector3f(2, 11.3, 0)
### newVec3 =  LVector3f(2, 11.3, 0.375)
### newVec3 =  LVector3f(2, 11.3, 0)
entering active SC menu
Reading DNA file... phase_8/dna/storage_BR.dna
Reading DNA file... phase_8/dna/storage_BR_sz.dna
Reading DNA file... phase_8/dna/the_burrrgh_sz.dna
empty flat building with no walls
DNALandmarkBuilding sb11:toon_landmark_BR_pet_shop_DNARoot did not find **/*suit_building_origin
fisherman origin:  render/loader_data/theBurrrgh/fishing_pond_1/npc_fisherman_origin_0
Reading DNA file... phase_5/dna/storage_town.dna
Reading DNA file... phase_8/dna/storage_BR_town.dna
Reading DNA file... phase_8/dna/the_burrrgh_3100.dna
empty flat building with no walls
DNALandmarkBuilding sb54:toon_landmark_hqBR_DNARoot did not find **/*suit_building_origin
fisherman origin:  render/town_top_level/theBurrrgh/3136/fishing_pond_1/npc_fisherman_origin_0
Reading DNA file... phase_6/dna/storage_DD.dna
Reading DNA file... phase_5/dna/storage_town.dna
Reading DNA file... phase_6/dna/storage_DD_town.dna
Reading DNA file... phase_6/dna/donalds_dock_1300.dna
DNALandmarkBuilding sb35:toon_landmark_hqDD_DNARoot did not find **/*suit_building_origin
fisherman origin:  render/town_top_level/donaldsDock/1330/fishing_pond_1/npc_fisherman_origin_0
Reading DNA file... phase_6/dna/storage_DD_sz.dna
Reading DNA file... phase_6/dna/donalds_dock_sz.dna
DNALandmarkBuilding sb10:toon_landmark_DD_pet_shop_DNARoot did not find **/*suit_building_origin
fisherman origin:  render/loader_data/donaldsDock/fishing_pond_1/npc_fisherman_origin_0
OnscreenText.configure: mayChange == 0
OnscreenText.configure: mayChange == 0
OnscreenText.configure: mayChange == 0
OnscreenText.configure: mayChange == 0
Reading DNA file... phase_8/dna/storage_DG.dna
Reading DNA file... phase_8/dna/storage_DG_sz.dna
Reading DNA file... phase_8/dna/daisys_garden_sz.dna
fisherman origin:  render/loader_data/daisysGarden/fishing_pond_1/npc_fisherman_origin_0
frame rate: 22.7 fps|0.049d|4 avs||2431|2432||0x10de|0x0847|771.9MB|763.3MB|7935.2MB|960|nt.2.6.1|2.800,2.800|4,4 cpus|OpenGL
Reading DNA file... phase_5/dna/storage_town.dna
Reading DNA file... phase_8/dna/storage_DG_town.dna
Reading DNA file... phase_8/dna/daisys_garden_5300.dna
fisherman origin:  render/town_top_level/daisysGarden/5318/fishing_pond_1/npc_fisherman_origin_0
Battle Event localtoon-battle-event-17
Battle Event localtoon-battle-event-22
entering active SC menu
entering active SC menu
frame rate: 41.0 fps|0.007d|0 avs||2731|2732||0x10de|0x0847|807.4MB|799.1MB|7935.2MB|1044|nt.2.6.1|2.800,2.800|4,4 cpus|OpenGL
Battle Event localtoon-battle-event-27
Battle Event localtoon-battle-event-32
Reading DNA file... phase_5/dna/storage_town.dna
Reading DNA file... phase_8/dna/storage_DG_town.dna
Reading DNA file... phase_8/dna/daisys_garden_5300.dna
