ToontownStart: Polling for game2 to finish...
ToontownStart: Game2 is finished.
ToontownStart: Starting the game.
ToontownStart: setting default font
TTLocalizer: Running in language: english
from toontown.toonbase.TTLocalizerEnglish import *
OTPLocalizer: Running in language: english
from otp.otpbase.OTPLocalizerEnglish import *
Injector Opened
ToontownStart: Loading default gui sounds
ToontownStart: serverVersion:  tt-beta-v.1.0.1 (Squirting Flower)
Preloading avatars...
Done preloading avatars.
{401000001: <toontown.distributed.ToontownDistrict.ToontownDistrict instance at 0x1BE286C0>}
entering active SC menu
local
0
Reading DNA file... phase_4/dna/storage.dna
Reading DNA file... phase_3.5/dna/storage_interior.dna
Battle Event localtoon-battle-event-3
entering active SC menu
entering active SC menu
entering active SC menu
OnscreenText.configure: mayChange == 0
OnscreenText.configure: mayChange == 0
OnscreenText.configure: mayChange == 0
OnscreenText.configure: mayChange == 0
Battle Event localtoon-battle-event-9
frame rate: 33.9 fps|0.011d|91 avs||362|366||0x10de|0x0847|500.1MB|485.7MB|7935.2MB|586|nt.2.6.1|2.800,2.800|4,4 cpus|OpenGL
chooseFireOpenShot <function allGroupLowShot at 0x177B44F0>
chooseFireOpenShot <function avatarCloseUpThreeQuarterLeftFireShot at 0x177B4D70>
Warning: NodePath.remove() is deprecated.  Use remove_node() instead.
chooseFireOpenShot <function allGroupLowShot at 0x177B44F0>
chooseFireOpenShot <function allGroupLowShot at 0x177B44F0>
Warning: NodePath.remove() is deprecated.  Use remove_node() instead.
chooseFireOpenShot <function avatarCloseUpThreeQuarterRightShot at 0x177B47B0>
chooseFireOpenShot <function avatarCloseUpThreeQuarterLeftFireShot at 0x177B4D70>
Warning: NodePath.remove() is deprecated.  Use remove_node() instead.
chooseFireOpenShot <function avatarBehindShot at 0x177B48F0>
chooseFireOpenShot <function suitGroupThreeQuarterLeftBehindShot at 0x177B4670>
Warning: NodePath.remove() is deprecated.  Use remove_node() instead.
chooseFireOpenShot <function allGroupLowShot at 0x177B44F0>
chooseFireOpenShot <function suitGroupThreeQuarterLeftBehindShot at 0x177B4670>
Warning: NodePath.remove() is deprecated.  Use remove_node() instead.
chooseFireOpenShot <function allGroupLowShot at 0x177B44F0>
chooseFireOpenShot <function avatarCloseUpThreeQuarterLeftFireShot at 0x177B4D70>
Warning: NodePath.remove() is deprecated.  Use remove_node() instead.
chooseFireOpenShot <function allGroupLowShot at 0x177B44F0>
chooseFireOpenShot <function avatarCloseUpFireShot at 0x177B4D30>
Warning: NodePath.remove() is deprecated.  Use remove_node() instead.
chooseFireOpenShot <function allGroupLowShot at 0x177B44F0>
chooseFireOpenShot <function suitGroupThreeQuarterLeftBehindShot at 0x177B4670>
Warning: NodePath.remove() is deprecated.  Use remove_node() instead.
frame rate: 24.2 fps|0.003d|1 avs||662|666||0x10de|0x0847|529.0MB|514.7MB|7935.2MB|602|nt.2.6.1|2.800,2.800|4,4 cpus|OpenGL
ignoring InputState-forward
