ToontownStart: Polling for game2 to finish...
ToontownStart: Game2 is finished.
ToontownStart: Starting the game.
ToontownStart: setting default font
TTLocalizer: Running in language: english
from toontown.toonbase.TTLocalizerEnglish import *
OTPLocalizer: Running in language: english
from otp.otpbase.OTPLocalizerEnglish import *
Injector Opened
ToontownStart: Loading default gui sounds
ToontownStart: serverVersion:  tt-beta-v.1.0.1 (Squirting Flower)
Preloading avatars...
Done preloading avatars.
{401000001: <toontown.distributed.ToontownDistrict.ToontownDistrict instance at 0x18CD6648>}
entering active SC menu
local
0
Reading DNA file... phase_4/dna/storage.dna
Reading DNA file... phase_3.5/dna/storage_interior.dna
frame rate: 37.9 fps|0.010d|1 avs||330|331||0x10de|0x0847|396.3MB|379.8MB|7935.2MB|507|nt.2.6.1|2.800,2.800|4,4 cpus|OpenGL
frame rate: 37.6 fps|0.007d|1 avs||630|631||0x10de|0x0847|398.1MB|381.5MB|7935.2MB|516|nt.2.6.1|2.800,2.800|4,4 cpus|OpenGL
frame rate: 39.8 fps|0.005d|2 avs||930|932||0x10de|0x0847|401.4MB|384.8MB|7935.2MB|533|nt.2.6.1|2.800,2.800|4,4 cpus|OpenGL
ignoring InputState-forward
