ToontownStart: Polling for game2 to finish...
ToontownStart: Game2 is finished.
ToontownStart: Starting the game.
ToontownStart: setting default font
TTLocalizer: Running in language: english
from toontown.toonbase.TTLocalizerEnglish import *
OTPLocalizer: Running in language: english
from otp.otpbase.OTPLocalizerEnglish import *
Injector Opened
ToontownStart: Loading default gui sounds
ToontownStart: serverVersion:  tt-beta-v.1.0.1 (Squirting Flower)
Preloading avatars...
Done preloading avatars.
{401000001: <toontown.distributed.ToontownDistrict.ToontownDistrict instance at 0x1F889B48>}
{401000001: <toontown.distributed.ToontownDistrict.ToontownDistrict instance at 0x1F889B48>}
{401000001: <toontown.distributed.ToontownDistrict.ToontownDistrict instance at 0x1F889B48>}
entering active SC menu
local
0
Reading DNA file... phase_4/dna/storage.dna
Reading DNA file... phase_3.5/dna/storage_interior.dna
Battle Event localtoon-battle-event-3
frame rate: 49.5 fps|0.003d|11 avs||338|339||0x10de|0x1040|405.0MB|418.9MB|6126.5MB|377|nt.2.6.1|2.801,2.801|4,4 cpus|OpenGL
Battle Event localtoon-battle-event-9
chooseFireOpenShot <function allGroupLowShot at 0x185D2EF0>
chooseFireOpenShot <function allGroupLowShot at 0x185D2EF0>
Warning: NodePath.remove() is deprecated.  Use remove_node() instead.
frame rate: 54.3 fps|0.002d|8 avs||638|639||0x10de|0x1040|420.9MB|434.6MB|6126.5MB|382|nt.2.6.1|2.801,2.801|4,4 cpus|OpenGL
OnscreenText.configure: mayChange == 0
OnscreenText.configure: mayChange == 0
OnscreenText.configure: mayChange == 0
OnscreenText.configure: mayChange == 0
Reading DNA file... phase_5.5/dna/storage_estate.dna
Reading DNA file... phase_5.5/dna/estate_1.dna
frame rate: 50.9 fps|0.016d|0 avs||938|939||0x10de|0x1040|445.6MB|458.6MB|6126.5MB|406|nt.2.6.1|2.801,2.801|4,4 cpus|OpenGL
frame rate: 81.9 fps|0.003d|0 avs||1238|1239||0x10de|0x1040|446.1MB|459.1MB|6126.5MB|407|nt.2.6.1|2.801,2.801|4,4 cpus|OpenGL
frame rate: 64.4 fps|0.001d|0 avs||1538|1539||0x10de|0x1040|446.2MB|459.2MB|6126.5MB|407|nt.2.6.1|2.801,2.801|4,4 cpus|OpenGL
frame rate: 65.0 fps|0.003d|0 avs||1838|1839||0x10de|0x1040|446.2MB|459.2MB|6126.5MB|407|nt.2.6.1|2.801,2.801|4,4 cpus|OpenGL
