ToontownStart: Polling for game2 to finish...
ToontownStart: Game2 is finished.
ToontownStart: Starting the game.
ToontownStart: setting default font
TTLocalizer: Running in language: english
from toontown.toonbase.TTLocalizerEnglish import *
OTPLocalizer: Running in language: english
from otp.otpbase.OTPLocalizerEnglish import *
Injector Opened
ToontownStart: Loading default gui sounds
ToontownStart: serverVersion:  tt-beta-v.1.0.1 (Squirting Flower)
Preloading avatars...
Done preloading avatars.
{401000001: <toontown.distributed.ToontownDistrict.ToontownDistrict instance at 0x18254B70>}
entering active SC menu
local
0
Reading DNA file... phase_4/dna/storage.dna
Reading DNA file... phase_3.5/dna/storage_interior.dna
OnscreenText.configure: mayChange == 0
OnscreenText.configure: mayChange == 0
OnscreenText.configure: mayChange == 0
OnscreenText.configure: mayChange == 0
Battle Event localtoon-battle-event-3
### newVec3 =  LVector3f(2, 5.3, 1.5)
### newVec3 =  LVector3f(2, 5.3, 0)
### newVec3 =  LVector3f(2, 5.3, 0.375)
### newVec3 =  LVector3f(2, 5.3, 0)
frame rate: 56.5 fps|0.013d|2 avs||352|357||0x10de|0x1040|455.5MB|426.4MB|6126.5MB|570|nt.2.6.2|2.801,2.801|4,4 cpus|OpenGL
ignoring InputState-forward
