ToontownStart: Polling for game2 to finish...
ToontownStart: Game2 is finished.
ToontownStart: Starting the game.
ToontownStart: setting default font
TTLocalizer: Running in language: english
from toontown.toonbase.TTLocalizerEnglish import *
OTPLocalizer: Running in language: english
from otp.otpbase.OTPLocalizerEnglish import *
Injector Opened
ToontownStart: Loading default gui sounds
ToontownStart: serverVersion:  tt-beta-v.1.0.1 (Squirting Flower)
Preloading avatars...
Done preloading avatars.
{401000001: <toontown.distributed.ToontownDistrict.ToontownDistrict instance at 0x18505648>}
entering active SC menu
local
0
Reading DNA file... phase_4/dna/storage.dna
Reading DNA file... phase_3.5/dna/storage_interior.dna
Reading DNA file... phase_8/dna/storage_BR.dna
Reading DNA file... phase_8/dna/storage_BR_sz.dna
Reading DNA file... phase_8/dna/the_burrrgh_sz.dna
empty flat building with no walls
DNALandmarkBuilding sb11:toon_landmark_BR_pet_shop_DNARoot did not find **/*suit_building_origin
fisherman origin:  render/loader_data/theBurrrgh/fishing_pond_1/npc_fisherman_origin_0
OnscreenText.configure: mayChange == 0
OnscreenText.configure: mayChange == 0
OnscreenText.configure: mayChange == 0
OnscreenText.configure: mayChange == 0
Battle Event localtoon-battle-event-3
cam pos =  LPoint3f(5, 16, 1) , cam hpr =  LVecBase3f(162.646, 14.323, 0)
frame rate: 34.9 fps|0.024d|0 avs||337|339||0x10de|0x0847|431.9MB|415.7MB|7935.2MB|589|nt.2.6.1|2.800,2.800|4,4 cpus|OpenGL
Battle Event localtoon-battle-event-9
