ToontownStart: Polling for game2 to finish...
ToontownStart: Game2 is finished.
ToontownStart: Starting the game.
ToontownStart: setting default font
TTLocalizer: Running in language: english
from toontown.toonbase.TTLocalizerEnglish import *
OTPLocalizer: Running in language: english
from otp.otpbase.OTPLocalizerEnglish import *
Injector Opened
ToontownStart: Loading default gui sounds
ToontownStart: serverVersion:  tt-beta-v.1.0.1 (Squirting Flower)
Preloading avatars...
Done preloading avatars.
{401000001: <toontown.distributed.ToontownDistrict.ToontownDistrict instance at 0x18C6DE90>}
entering active SC menu
local
0
Reading DNA file... phase_4/dna/storage.dna
Reading DNA file... phase_3.5/dna/storage_interior.dna
Reading DNA file... phase_8/dna/storage_DG.dna
Reading DNA file... phase_5/dna/storage_town.dna
Reading DNA file... phase_8/dna/storage_DG_town.dna
Reading DNA file... phase_8/dna/daisys_garden_5300.dna
fisherman origin:  render/town_top_level/daisysGarden/5318/fishing_pond_1/npc_fisherman_origin_0
Battle Event localtoon-battle-event-3
fisherman origin:  render/town_top_level/daisysGarden/5318/fishing_pond_1/npc_fisherman_origin_0
Battle Event localtoon-battle-event-9
frame rate: 32.7 fps|0.025d|6 avs||430|437||0x10de|0x1040|419.4MB|425.5MB|6126.5MB|505|nt.2.6.2|2.801,2.800|4,4 cpus|OpenGL
fisherman origin:  render/town_top_level/daisysGarden/5318/fishing_pond_1/npc_fisherman_origin_0
ignoring InputState-forward
