ToontownStart: Polling for game2 to finish...
ToontownStart: Game2 is finished.
ToontownStart: Starting the game.
ToontownStart: setting default font
TTLocalizer: Running in language: english
from toontown.toonbase.TTLocalizerEnglish import *
OTPLocalizer: Running in language: english
from otp.otpbase.OTPLocalizerEnglish import *
Injector Opened
ToontownStart: Loading default gui sounds
ToontownStart: serverVersion:  tt-beta-v.1.0.1 (Squirting Flower)
Preloading avatars...
Done preloading avatars.
{401000001: <toontown.distributed.ToontownDistrict.ToontownDistrict instance at 0x1953B6C0>}
entering active SC menu
local
0
Reading DNA file... phase_4/dna/storage.dna
Reading DNA file... phase_3.5/dna/storage_interior.dna
frame rate: 49.9 fps|0.008d|2 avs||329|330||0x10de|0x0847|411.8MB|404.0MB|7935.2MB|473|nt.2.6.1|2.800,2.800|4,4 cpus|OpenGL
Battle Event localtoon-battle-event-3
entering active SC menu
chooseFireOpenShot <function avatarBehindShot at 0x15389930>
chooseFireOpenShot <function avatarCloseUpFireShot at 0x15389D70>
Warning: NodePath.remove() is deprecated.  Use remove_node() instead.
Reading DNA file... phase_6/dna/storage_GZ.dna
Reading DNA file... phase_6/dna/storage_GZ_sz.dna
Reading DNA file... phase_6/dna/golf_zone_sz.dna
Battle Event localtoon-battle-event-9
frame rate: 30.8 fps|0.027d|97 avs||629|630||0x10de|0x0847|510.8MB|501.8MB|7935.2MB|532|nt.2.6.1|2.800,2.800|4,4 cpus|OpenGL
ignoring InputState-forward
