ToontownStart: Polling for game2 to finish...
ToontownStart: Game2 is finished.
ToontownStart: Starting the game.
ToontownStart: setting default font
TTLocalizer: Running in language: english
from toontown.toonbase.TTLocalizerEnglish import *
OTPLocalizer: Running in language: english
from otp.otpbase.OTPLocalizerEnglish import *
Injector Opened
ToontownStart: Loading default gui sounds
ToontownStart: serverVersion:  tt-beta-v.1.0.1 (Squirting Flower)
Preloading avatars...
Done preloading avatars.
{401000001: <toontown.distributed.ToontownDistrict.ToontownDistrict instance at 0x17C94918>}
entering active SC menu
local
0
Reading DNA file... phase_4/dna/storage.dna
Reading DNA file... phase_3.5/dna/storage_interior.dna
OnscreenText.configure: mayChange == 0
OnscreenText.configure: mayChange == 0
OnscreenText.configure: mayChange == 0
OnscreenText.configure: mayChange == 0
Battle Event localtoon-battle-event-3
frame rate: 54.0 fps|0.001d|14 avs||348|350||0x10de|0x1040|412.9MB|385.1MB|6126.5MB|473|nt.2.6.2|2.801,2.801|4,4 cpus|OpenGL
frame rate: 59.3 fps|0.001d|13 avs||648|650||0x10de|0x1040|413.8MB|385.9MB|6126.5MB|473|nt.2.6.2|2.801,2.801|4,4 cpus|OpenGL
