ToontownStart: Polling for game2 to finish...
ToontownStart: Game2 is finished.
ToontownStart: Starting the game.
ToontownStart: setting default font
TTLocalizer: Running in language: english
from toontown.toonbase.TTLocalizerEnglish import *
OTPLocalizer: Running in language: english
from otp.otpbase.OTPLocalizerEnglish import *
Injector Opened
ToontownStart: Loading default gui sounds
ToontownStart: serverVersion:  tt-beta-v.1.0.1 (Squirting Flower)
Preloading avatars...
Done preloading avatars.
{401000001: <toontown.distributed.ToontownDistrict.ToontownDistrict instance at 0x1A0C17D8>}
entering active SC menu
local
0
Reading DNA file... phase_4/dna/storage.dna
Reading DNA file... phase_3.5/dna/storage_interior.dna
Battle Event localtoon-battle-event-3
entering active SC menu
entering active SC menu
Battle Event localtoon-battle-event-9
chooseFireOpenShot <function avatarCloseUpThrowShot at 0x15C4D770>
chooseFireOpenShot <function avatarCloseUpThreeQuarterLeftFireShot at 0x15C4DD70>
Warning: NodePath.remove() is deprecated.  Use remove_node() instead.
chooseFireOpenShot <function avatarCloseUpThrowShot at 0x15C4D770>
chooseFireOpenShot <function avatarCloseUpFireShot at 0x15C4DD30>
Warning: NodePath.remove() is deprecated.  Use remove_node() instead.
frame rate: 47.3 fps|0.011d|32 avs||330|332||0x10de|0x0847|457.0MB|447.3MB|7935.2MB|575|nt.2.6.1|2.800,2.800|4,4 cpus|OpenGL
entering active SC menu
entering active SC menu
entering active SC menu
entering active SC menu
entering active SC menu
entering active SC menu
entering active SC menu
chooseFireOpenShot <function avatarCloseUpThrowShot at 0x15C4D770>
chooseFireOpenShot <function avatarCloseUpFireShot at 0x15C4DD30>
Warning: NodePath.remove() is deprecated.  Use remove_node() instead.
chooseFireOpenShot <function avatarCloseUpThreeQuarterRightShot at 0x15C4D7B0>
chooseFireOpenShot <function avatarCloseUpFireShot at 0x15C4DD30>
Warning: NodePath.remove() is deprecated.  Use remove_node() instead.
entering active SC menu
frame rate: 33.7 fps|0.018d|16 avs||630|632||0x10de|0x0847|476.0MB|466.3MB|7935.2MB|648|nt.2.6.1|2.800,2.800|4,4 cpus|OpenGL
chooseFireOpenShot <function avatarBehindShot at 0x15C4D8F0>
chooseFireOpenShot <function avatarCloseUpThreeQuarterLeftFireShot at 0x15C4DD70>
Warning: NodePath.remove() is deprecated.  Use remove_node() instead.
entering active SC menu
frame rate: 42.7 fps|0.011d|7 avs||930|932||0x10de|0x0847|482.3MB|472.3MB|7935.2MB|759|nt.2.6.1|2.800,2.800|4,4 cpus|OpenGL
entering active SC menu
entering active SC menu
chooseFireOpenShot <function suitGroupThreeQuarterLeftBehindShot at 0x15C4D670>
chooseFireOpenShot <function suitGroupThreeQuarterLeftBehindShot at 0x15C4D670>
entering active SC menu
Warning: NodePath.remove() is deprecated.  Use remove_node() instead.
chooseFireOpenShot <function allGroupLowShot at 0x15C4D4F0>
chooseFireOpenShot <function avatarCloseUpThreeQuarterLeftFireShot at 0x15C4DD70>
Warning: NodePath.remove() is deprecated.  Use remove_node() instead.
entering active SC menu
entering active SC menu
Battle Event localtoon-battle-event-16
chooseFireOpenShot <function avatarCloseUpThreeQuarterRightShot at 0x15C4D7B0>
chooseFireOpenShot <function avatarCloseUpFireShot at 0x15C4DD30>
Warning: NodePath.remove() is deprecated.  Use remove_node() instead.
frame rate: 27.5 fps|0.040d|33 avs||1230|1232||0x10de|0x0847|499.1MB|489.2MB|7935.2MB|910|nt.2.6.1|2.800,2.800|4,4 cpus|OpenGL
chooseFireOpenShot <function suitGroupThreeQuarterLeftBehindShot at 0x15C4D670>
chooseFireOpenShot <function suitGroupThreeQuarterLeftBehindShot at 0x15C4D670>
Warning: NodePath.remove() is deprecated.  Use remove_node() instead.
entering active SC menu
### newVec3 =  LVector3f(-2, 11.3, 1.5)
### newVec3 =  LVector3f(-2, 11.3, 0)
### newVec3 =  LVector3f(-2, 11.3, 0.375)
### newVec3 =  LVector3f(-2, 11.3, 0)
entering active SC menu
frame rate: 34.9 fps|0.010d|22 avs||1530|1532||0x10de|0x0847|510.2MB|499.9MB|7935.2MB|1109|nt.2.6.1|2.800,2.800|4,4 cpus|OpenGL
entering active SC menu
entering active SC menu
entering active SC menu
entering active SC menu
entering active SC menu
entering active SC menu
entering active SC menu
entering active SC menu
entering active SC menu
entering active SC menu
entering active SC menu
entering active SC menu
entering active SC menu
entering active SC menu
entering active SC menu
entering active SC menu
entering active SC menu
frame rate: 33.0 fps|0.006d|9 avs||1830|1832||0x10de|0x0847|525.8MB|515.6MB|7935.2MB|1221|nt.2.6.1|2.800,2.800|4,4 cpus|OpenGL
entering active SC menu
frame rate: 47.5 fps|0.004d|2 avs||2130|2132||0x10de|0x0847|527.6MB|517.5MB|7935.2MB|1347|nt.2.6.1|2.800,2.800|4,4 cpus|OpenGL
frame rate: 47.0 fps|0.003d|2 avs||2430|2432||0x10de|0x0847|527.9MB|517.7MB|7935.2MB|1486|nt.2.6.1|2.800,2.800|4,4 cpus|OpenGL
frame rate: 45.8 fps|0.004d|2 avs||2731|2732||0x10de|0x0847|529.7MB|519.5MB|7935.2MB|1572|nt.2.6.1|2.800,2.800|4,4 cpus|OpenGL
frame rate: 44.6 fps|0.004d|2 avs||3031|3032||0x10de|0x0847|531.7MB|521.7MB|7935.2MB|1638|nt.2.6.1|2.800,2.800|4,4 cpus|OpenGL
frame rate: 49.7 fps|0.004d|2 avs||3331|3332||0x10de|0x0847|534.1MB|523.9MB|7935.2MB|1790|nt.2.6.1|2.800,2.800|4,4 cpus|OpenGL
frame rate: 42.9 fps|0.005d|2 avs||3631|3632||0x10de|0x0847|538.9MB|528.8MB|7935.2MB|1903|nt.2.6.1|2.800,2.800|4,4 cpus|OpenGL
entering active SC menu
frame rate: 44.7 fps|0.005d|2 avs||3931|3932||0x10de|0x0847|543.4MB|533.5MB|7935.2MB|2015|nt.2.6.1|2.800,2.800|4,4 cpus|OpenGL
entering active SC menu
Reading DNA file... phase_8/dna/storage_DG.dna
Reading DNA file... phase_8/dna/storage_DG_sz.dna
Reading DNA file... phase_8/dna/daisys_garden_sz.dna
fisherman origin:  render/loader_data/daisysGarden/fishing_pond_1/npc_fisherman_origin_0
OnscreenText.configure: mayChange == 0
OnscreenText.configure: mayChange == 0
OnscreenText.configure: mayChange == 0
OnscreenText.configure: mayChange == 0
doors enter state 1
openInnerDoors
openInnerDoors
openInnerDoors stage Two
doors enter state 1
openInnerDoors
openInnerDoors
openInnerDoors stage Two
doors enter state 1
openInnerDoors
openInnerDoors
openInnerDoors stage Two
doors enter state 1
openInnerDoors
openInnerDoors
openInnerDoors stage Two
frame rate: 27.2 fps|0.038d|4 avs||4231|4232||0x10de|0x0847|627.6MB|617.7MB|7935.2MB|2271|nt.2.6.1|2.800,2.800|4,4 cpus|OpenGL
doors enter state 1
openInnerDoors
openInnerDoors
openInnerDoors stage Two
ignoring InputState-forward
