ToontownStart: Polling for game2 to finish...
ToontownStart: Game2 is finished.
ToontownStart: Starting the game.
ToontownStart: setting default font
TTLocalizer: Running in language: english
from toontown.toonbase.TTLocalizerEnglish import *
OTPLocalizer: Running in language: english
from otp.otpbase.OTPLocalizerEnglish import *
Traceback (most recent call last):
  File "C:\Panda3D-1.9.0\python\lib\runpy.py", line 162, in _run_module_as_main
    "__main__", fname, loader, pkg_name)
  File "C:\Panda3D-1.9.0\python\lib\runpy.py", line 72, in _run_code
    exec code in run_globals
  File "C:\Users\user\Downloads\Ansem\aviproxy\Fusion364\TT Offline Modded\Toontown\toontown\toonbase\ToontownStartWithInjector.py", line 76, in <module>
    import ToontownGlobals
  File "toontown\toonbase\ToontownGlobals.py", line 1, in <module>
    import TTLocalizer
  File "toontown\toonbase\TTLocalizer.py", line 22, in <module>
    from toontown.toonbase.TTLocalizerEnglish import *
  File "toontown\toonbase\TTLocalizerEnglish.py", line 5959, in <module>
    AwardManagerAccessoryNames[accessoryId] = AccessoryNamePrefix[accessoryInfo[0]] + accessoryStyleDescription[accessoryInfo[1]]
KeyError: 'kmh1'
