ToontownStart: Polling for game2 to finish...
ToontownStart: Game2 is finished.
ToontownStart: Starting the game.
ToontownStart: setting default font
TTLocalizer: Running in language: english
from toontown.toonbase.TTLocalizerEnglish import *
OTPLocalizer: Running in language: english
from otp.otpbase.OTPLocalizerEnglish import *
Injector Opened
ToontownStart: Loading default gui sounds
ToontownStart: serverVersion:  tt-beta-v.1.0.1 (Squirting Flower)
Preloading avatars...
Done preloading avatars.
{401000001: <toontown.distributed.ToontownDistrict.ToontownDistrict instance at 0x18506648>}
entering active SC menu
local
0
Reading DNA file... phase_4/dna/storage.dna
Reading DNA file... phase_3.5/dna/storage_interior.dna
frame rate: 34.9 fps|0.017d|2 avs||337|338||0x10de|0x0847|396.0MB|387.2MB|7935.2MB|548|nt.2.6.1|2.800,2.800|4,4 cpus|OpenGL
frame rate: 37.1 fps|0.008d|1 avs||637|638||0x10de|0x0847|398.2MB|389.3MB|7935.2MB|551|nt.2.6.1|2.800,2.800|4,4 cpus|OpenGL
ignoring InputState-forward
