ToontownStart: Polling for game2 to finish...
ToontownStart: Game2 is finished.
ToontownStart: Starting the game.
ToontownStart: setting default font
TTLocalizer: Running in language: english
from toontown.toonbase.TTLocalizerEnglish import *
OTPLocalizer: Running in language: english
from otp.otpbase.OTPLocalizerEnglish import *
Injector Opened
ToontownStart: Loading default gui sounds
ToontownStart: serverVersion:  tt-beta-v.1.0.1 (Squirting Flower)
Preloading avatars...
Done preloading avatars.
{401000001: <toontown.distributed.ToontownDistrict.ToontownDistrict instance at 0x1A35E710>}
entering active SC menu
local
0
Reading DNA file... phase_4/dna/storage.dna
Reading DNA file... phase_3.5/dna/storage_interior.dna
frame rate: 37.8 fps|0.009d|11 avs||330|332||0x10de|0x0847|395.9MB|386.9MB|7935.2MB|481|nt.2.6.1|2.800,2.800|4,4 cpus|OpenGL
frame rate: 29.6 fps|0.002d|13 avs||630|632||0x10de|0x0847|398.1MB|389.1MB|7935.2MB|485|nt.2.6.1|2.800,2.800|4,4 cpus|OpenGL
ignoring InputState-forward
