ToontownStart: Polling for game2 to finish...
ToontownStart: Game2 is finished.
ToontownStart: Starting the game.
ToontownStart: setting default font
TTLocalizer: Running in language: english
from toontown.toonbase.TTLocalizerEnglish import *
OTPLocalizer: Running in language: english
from otp.otpbase.OTPLocalizerEnglish import *
Injector Opened
ToontownStart: Loading default gui sounds
ToontownStart: serverVersion:  tt-beta-v.1.0.1 (Squirting Flower)
Preloading avatars...
Done preloading avatars.
{401000001: <toontown.distributed.ToontownDistrict.ToontownDistrict instance at 0x1A41C710>}
entering active SC menu
local
0
Reading DNA file... phase_4/dna/storage.dna
Reading DNA file... phase_3.5/dna/storage_interior.dna
Battle Event localtoon-battle-event-3
frame rate: 53.9 fps|0.008d|2 avs||329|331||0x10de|0x0847|441.4MB|431.9MB|7935.2MB|520|nt.2.6.1|2.800,2.800|4,4 cpus|OpenGL
frame rate: 56.9 fps|0.002d|2 avs||629|631||0x10de|0x0847|444.3MB|435.0MB|7935.2MB|520|nt.2.6.1|2.800,2.800|4,4 cpus|OpenGL
Reading DNA file... phase_8/dna/storage_DG.dna
Reading DNA file... phase_8/dna/storage_DG_sz.dna
Reading DNA file... phase_8/dna/daisys_garden_sz.dna
fisherman origin:  render/loader_data/daisysGarden/fishing_pond_1/npc_fisherman_origin_0
ignoring InputState-forward
