ToontownStart: Polling for game2 to finish...
ToontownStart: Game2 is finished.
ToontownStart: Starting the game.
ToontownStart: setting default font
TTLocalizer: Running in language: english
from toontown.toonbase.TTLocalizerEnglish import *
OTPLocalizer: Running in language: english
from otp.otpbase.OTPLocalizerEnglish import *
Injector Opened
ToontownStart: Loading default gui sounds
ToontownStart: serverVersion:  tt-beta-v.1.0.1 (Squirting Flower)
Preloading avatars...
Done preloading avatars.
Traceback (most recent call last):
  File "C:\Panda3D-1.9.0\pandac\panda3dCoreModules.py", line 1554, in doTask
    task.callback(*task.callbackArgs)
  File "C:\Panda3D-1.9.0\direct\distributed\ConnectionRepository.py", line 581, in httpConnectCallback
    *failureArgs)
  File "otp\distributed\OTPClientRepository.py", line 489, in failedToConnect
    self.loginFSM.request('failedToConnect', [statusCode, statusString])
  File "C:\Panda3D-1.9.0\direct\fsm\ClassicFSM.py", line 284, in request
    exitArgList)
  File "C:\Panda3D-1.9.0\direct\fsm\ClassicFSM.py", line 231, in __transition
    self.__enter(aState, enterArgList)
  File "C:\Panda3D-1.9.0\direct\fsm\ClassicFSM.py", line 217, in __enter
    aState.enter(argList)
  File "C:\Panda3D-1.9.0\direct\fsm\State.py", line 203, in enter
    apply(self.__enterFunc, argList)
  File "otp\distributed\OTPClientRepository.py", line 612, in enterFailedToConnect
    message = OTPLocalizer.CRNoConnectTryAgain % (url.getServer(), url.getPort())
TypeError: not all arguments converted during string formatting
Traceback (most recent call last):
  File "otp\otpbase\OTPBase.py", line 239, in run
    taskMgr.run()
  File "C:\Panda3D-1.9.0\direct\task\Task.py", line 502, in run
    self.step()
  File "C:\Panda3D-1.9.0\direct\task\Task.py", line 460, in step
    self.mgr.poll()
  File "C:\Panda3D-1.9.0\pandac\panda3dCoreModules.py", line 1554, in doTask
    task.callback(*task.callbackArgs)
  File "C:\Panda3D-1.9.0\direct\distributed\ConnectionRepository.py", line 581, in httpConnectCallback
    *failureArgs)
  File "otp\distributed\OTPClientRepository.py", line 489, in failedToConnect
    self.loginFSM.request('failedToConnect', [statusCode, statusString])
  File "C:\Panda3D-1.9.0\direct\fsm\ClassicFSM.py", line 284, in request
    exitArgList)
  File "C:\Panda3D-1.9.0\direct\fsm\ClassicFSM.py", line 231, in __transition
    self.__enter(aState, enterArgList)
  File "C:\Panda3D-1.9.0\direct\fsm\ClassicFSM.py", line 217, in __enter
    aState.enter(argList)
  File "C:\Panda3D-1.9.0\direct\fsm\State.py", line 203, in enter
    apply(self.__enterFunc, argList)
  File "otp\distributed\OTPClientRepository.py", line 612, in enterFailedToConnect
    message = OTPLocalizer.CRNoConnectTryAgain % (url.getServer(), url.getPort())
TypeError: not all arguments converted during string formatting
